<?xml version="1.0" encoding="UTF-8"?>
<!-- Generated by org.testng.reporters.JUnitReportReporter -->
<testsuite hostname="Noohakhaleel" failures="0" tests="1" name="Testng.Rediffcopypaste" time="0.504" errors="0" timestamp="2023-10-19T14:58:17 IST" skipped="0">
  <testcase classname="Testng.Rediffcopypaste" name="test" time="0.504"/>
  <system-out/>
</testsuite> <!-- Testng.Rediffcopypaste -->
