<?xml version="1.0" encoding="UTF-8"?>
<!-- Generated by org.testng.reporters.JUnitReportReporter -->
<testsuite hostname="Noohakhaleel" failures="0" tests="1" name="Testng.Datepickerautomation" time="0.585" errors="0" timestamp="2023-10-30T14:51:03 IST" skipped="0">
  <testcase classname="Testng.Datepickerautomation" name="test" time="0.585"/>
  <system-out/>
</testsuite> <!-- Testng.Datepickerautomation -->
