<?xml version="1.0" encoding="UTF-8"?>
<!-- Generated by org.testng.reporters.JUnitReportReporter -->
<testsuite hostname="Noohakhaleel" failures="0" tests="1" name="Testng.Datadrivenfb" time="15.447" errors="0" timestamp="2023-11-03T14:10:19 IST" skipped="0">
  <testcase classname="Testng.Datadrivenfb" name="test" time="15.447"/>
  <system-out/>
</testsuite> <!-- Testng.Datadrivenfb -->
