<?xml version="1.0" encoding="UTF-8"?>
<!-- Generated by org.testng.reporters.JUnitReportReporter -->
<testsuite hostname="Noohakhaleel" failures="0" tests="1" name="Testng.Handlemultipletabs" time="7.773" errors="0" timestamp="2023-10-28T10:18:24 IST" skipped="0">
  <testcase classname="Testng.Handlemultipletabs" name="test" time="7.773"/>
  <system-out/>
</testsuite> <!-- Testng.Handlemultipletabs -->
