<?xml version="1.0" encoding="UTF-8"?>
<!-- Generated by org.testng.reporters.JUnitReportReporter -->
<testsuite hostname="Noohakhaleel" failures="0" tests="1" name="Testng.Parameterisatn" time="0.006" errors="0" timestamp="2023-10-19T14:00:07 IST" skipped="0">
  <testcase classname="Testng.Parameterisatn" name="test" time="0.006"/>
  <system-out/>
</testsuite> <!-- Testng.Parameterisatn -->
