<?xml version="1.0" encoding="UTF-8"?>
<!-- Generated by org.testng.reporters.JUnitReportReporter -->
<testsuite hostname="Noohakhaleel" failures="0" tests="3" name="Testng.Grouping" time="0.011" errors="0" timestamp="2023-10-18T15:04:14 IST" skipped="0">
  <testcase classname="Testng.Grouping" name="test2" time="0.001"/>
  <system-out/>
  <testcase classname="Testng.Grouping" name="test4" time="0.001"/>
  <system-out/>
  <testcase classname="Testng.Grouping" name="test1" time="0.009"/>
  <system-out/>
</testsuite> <!-- Testng.Grouping -->
