<?xml version="1.0" encoding="UTF-8"?>
<!-- Generated by org.testng.reporters.JUnitReportReporter -->
<testsuite hostname="Noohakhaleel" failures="0" tests="1" name="Testng.Rightclick" time="0.095" errors="0" timestamp="2023-10-25T15:19:50 IST" skipped="0">
  <testcase classname="Testng.Rightclick" name="test" time="0.095"/>
  <system-out/>
</testsuite> <!-- Testng.Rightclick -->
