<?xml version="1.0" encoding="UTF-8"?>
<!-- Generated by org.testng.reporters.JUnitReportReporter -->
<testsuite hostname="Noohakhaleel" failures="0" tests="7" name="Testng.Features" time="0.010" errors="0" timestamp="2023-10-18T14:44:10 IST" skipped="1">
  <testcase classname="Testng.Features" name="test1" time="0.004"/>
  <system-out/>
  <testcase classname="Testng.Features" name="test4" time="0.001"/>
  <system-out/>
  <testcase classname="Testng.Features" name="test6" time="0.001"/>
  <system-out/>
  <testcase classname="Testng.Features" name="test5" time="0.001"/>
  <system-out/>
  <testcase classname="Testng.Features" name="test4" time="0.003"/>
  <system-out/>
  <testcase classname="Testng.Features" name="test2" time="0.000"/>
  <system-out/>
  <testcase classname="Testng.Features" name="test3">
    <skipped/>
  </testcase> <!-- test3 -->
  <system-out/>
</testsuite> <!-- Testng.Features -->
