<?xml version="1.0" encoding="UTF-8"?>
<!-- Generated by org.testng.reporters.JUnitReportReporter -->
<testsuite hostname="Noohakhaleel" failures="0" tests="3" name="Testng.Crossbrowsertesting" time="10.123" errors="0" timestamp="2023-10-25T14:37:12 IST" skipped="0">
  <testcase classname="Testng.Crossbrowsertesting" name="test" time="3.689"/>
  <system-out/>
  <testcase classname="Testng.Crossbrowsertesting" name="test" time="3.681"/>
  <system-out/>
  <testcase classname="Testng.Crossbrowsertesting" name="test" time="2.753"/>
  <system-out/>
</testsuite> <!-- Testng.Crossbrowsertesting -->
