<?xml version="1.0" encoding="UTF-8"?>
<!-- Generated by org.testng.reporters.JUnitReportReporter -->
<testsuite hostname="Noohakhaleel" failures="0" tests="2" name="testpkg.Fblogintest" time="7.017" errors="0" timestamp="2023-11-01T15:24:00 IST" skipped="0">
  <testcase classname="testpkg.Fblogintest" name="test" time="5.412"/>
  <system-out/>
  <testcase classname="testpkg.Fblogintest" name="test2" time="1.605"/>
  <system-out/>
</testsuite> <!-- testpkg.Fblogintest -->
