<?xml version="1.0" encoding="UTF-8"?>
<!-- Generated by org.testng.reporters.JUnitReportReporter -->
<testsuite hostname="Noohakhaleel" failures="0" tests="1" name="Testng.Fileuploadpgm" time="3.558" errors="0" timestamp="2023-10-31T13:58:23 IST" skipped="0">
  <testcase classname="Testng.Fileuploadpgm" name="test" time="3.558"/>
  <system-out/>
</testsuite> <!-- Testng.Fileuploadpgm -->
