<?xml version="1.0" encoding="UTF-8"?>
<!-- Generated by org.testng.reporters.JUnitReportReporter -->
<testsuite hostname="Noohakhaleel" failures="0" tests="1" name="Testng.Justdialpopups" time="26.605" errors="0" timestamp="2023-10-28T09:50:40 IST" skipped="0">
  <testcase classname="Testng.Justdialpopups" name="test" time="26.605"/>
  <system-out/>
</testsuite> <!-- Testng.Justdialpopups -->
