<?xml version="1.0" encoding="UTF-8"?>
<!-- Generated by org.testng.reporters.JUnitReportReporter -->
<testsuite hostname="Noohakhaleel" failures="0" tests="1" name="Testng.Problem1" time="18.680" errors="0" timestamp="2023-10-28T11:14:00 IST" skipped="0">
  <testcase classname="Testng.Problem1" name="test" time="18.680"/>
  <system-out/>
</testsuite> <!-- Testng.Problem1 -->
